<?xml version="1.0" encoding="UTF-8"?>
<testsuite name="it.unicam.pa.exam.app.CursorTest" tests="2" skipped="0" failures="0" errors="0" timestamp="2022-05-06T15:59:31" hostname="MacBook-Pro-2.local" time="0.007">
  <properties/>
  <testcase name="constructorTest()" classname="it.unicam.pa.exam.app.CursorTest" time="0.007"/>
  <testcase name="moveCursorTest()" classname="it.unicam.pa.exam.app.CursorTest" time="0.0"/>
  <system-out><![CDATA[]]></system-out>
  <system-err><![CDATA[]]></system-err>
</testsuite>
