<?xml version="1.0" encoding="UTF-8"?>
<testsuite name="it.unicam.pa.exam.app.DirectionInterfaceInterfaceTest" tests="2" skipped="0" failures="0" errors="0" timestamp="2022-05-05T19:52:33" hostname="MacBook-Pro-2.local" time="0.009">
  <properties/>
  <testcase name="setDirectionTest()" classname="it.unicam.pa.exam.app.DirectionInterfaceInterfaceTest" time="0.008"/>
  <testcase name="directionConstructorTest()" classname="it.unicam.pa.exam.app.DirectionInterfaceInterfaceTest" time="0.0"/>
  <system-out><![CDATA[]]></system-out>
  <system-err><![CDATA[]]></system-err>
</testsuite>
